cpu-bind=MAP  - nid00913, task  0  0 [1071014]: mask 0x1 set
cpu-bind=MAP  - nid00913, task  1  1 [1071015]: mask 0x2 set
cpu-bind=MAP  - nid00913, task  2  2 [1071016]: mask 0x4 set
cpu-bind=MAP  - nid00913, task  3  3 [1071017]: mask 0x8 set
cpu-bind=MAP  - nid00913, task  4  4 [1071018]: mask 0x10 set
cpu-bind=MAP  - nid00913, task  5  5 [1071019]: mask 0x20 set
cpu-bind=MAP  - nid00913, task  6  6 [1071020]: mask 0x40 set
cpu-bind=MAP  - nid00913, task  7  7 [1071021]: mask 0x80 set
cpu-bind=MAP  - nid00913, task  8  8 [1071022]: mask 0x100 set
cpu-bind=MAP  - nid00913, task  9  9 [1071023]: mask 0x200 set
cpu-bind=MAP  - nid00913, task 10 10 [1071024]: mask 0x400 set
cpu-bind=MAP  - nid00913, task 11 11 [1071025]: mask 0x800 set
cpu-bind=MAP  - nid00913, task 12 12 [1071026]: mask 0x1000 set
cpu-bind=MAP  - nid00913, task 13 13 [1071027]: mask 0x2000 set
cpu-bind=MAP  - nid00913, task 14 14 [1071028]: mask 0x4000 set
cpu-bind=MAP  - nid00913, task 15 15 [1071029]: mask 0x8000 set
cpu-bind=MAP  - nid00913, task 16 16 [1071030]: mask 0x10000 set
cpu-bind=MAP  - nid00913, task 17 17 [1071031]: mask 0x20000 set
cpu-bind=MAP  - nid00913, task 18 18 [1071032]: mask 0x40000 set
cpu-bind=MAP  - nid00913, task 19 19 [1071033]: mask 0x80000 set
cpu-bind=MAP  - nid00913, task 20 20 [1071034]: mask 0x100000 set
cpu-bind=MAP  - nid00913, task 21 21 [1071035]: mask 0x200000 set
cpu-bind=MAP  - nid00913, task 22 22 [1071036]: mask 0x400000 set
cpu-bind=MAP  - nid00913, task 23 23 [1071037]: mask 0x800000 set
cpu-bind=MAP  - nid00913, task 24 24 [1071038]: mask 0x1000000 set
cpu-bind=MAP  - nid00913, task 25 25 [1071039]: mask 0x2000000 set
cpu-bind=MAP  - nid00913, task 26 26 [1071040]: mask 0x4000000 set
cpu-bind=MAP  - nid00913, task 27 27 [1071041]: mask 0x8000000 set
cpu-bind=MAP  - nid00913, task 28 28 [1071042]: mask 0x10000000 set
cpu-bind=MAP  - nid00913, task 29 29 [1071043]: mask 0x20000000 set
cpu-bind=MAP  - nid00913, task 30 30 [1071044]: mask 0x40000000 set
cpu-bind=MAP  - nid00913, task 31 31 [1071045]: mask 0x80000000 set
cpu-bind=MAP  - nid00913, task 32 32 [1071046]: mask 0x100000000 set
cpu-bind=MAP  - nid00913, task 33 33 [1071047]: mask 0x200000000 set
cpu-bind=MAP  - nid00913, task 34 34 [1071048]: mask 0x400000000 set
cpu-bind=MAP  - nid00913, task 35 35 [1071049]: mask 0x800000000 set
cpu-bind=MAP  - nid00913, task 36 36 [1071050]: mask 0x1000000000 set
cpu-bind=MAP  - nid00913, task 37 37 [1071051]: mask 0x2000000000 set
cpu-bind=MAP  - nid00913, task 38 38 [1071052]: mask 0x4000000000 set
cpu-bind=MAP  - nid00913, task 39 39 [1071053]: mask 0x8000000000 set
cpu-bind=MAP  - nid00913, task 40 40 [1071054]: mask 0x10000000000 set
cpu-bind=MAP  - nid00913, task 41 41 [1071055]: mask 0x20000000000 set
cpu-bind=MAP  - nid00913, task 42 42 [1071056]: mask 0x40000000000 set
cpu-bind=MAP  - nid00913, task 43 43 [1071057]: mask 0x80000000000 set
cpu-bind=MAP  - nid00913, task 44 44 [1071058]: mask 0x100000000000 set
cpu-bind=MAP  - nid00913, task 45 45 [1071059]: mask 0x200000000000 set
cpu-bind=MAP  - nid00913, task 46 46 [1071060]: mask 0x400000000000 set
cpu-bind=MAP  - nid00913, task 47 47 [1071061]: mask 0x800000000000 set
cpu-bind=MAP  - nid00913, task 48 48 [1071062]: mask 0x1000000000000 set
cpu-bind=MAP  - nid00913, task 49 49 [1071063]: mask 0x2000000000000 set
cpu-bind=MAP  - nid00913, task 50 50 [1071064]: mask 0x4000000000000 set
cpu-bind=MAP  - nid00913, task 51 51 [1071065]: mask 0x8000000000000 set
cpu-bind=MAP  - nid00913, task 52 52 [1071066]: mask 0x10000000000000 set
cpu-bind=MAP  - nid00913, task 53 53 [1071067]: mask 0x20000000000000 set
cpu-bind=MAP  - nid00913, task 54 54 [1071068]: mask 0x40000000000000 set
cpu-bind=MAP  - nid00913, task 55 55 [1071069]: mask 0x80000000000000 set
cpu-bind=MAP  - nid00913, task 56 56 [1071070]: mask 0x100000000000000 set
cpu-bind=MAP  - nid00913, task 57 57 [1071071]: mask 0x200000000000000 set
cpu-bind=MAP  - nid00913, task 58 58 [1071072]: mask 0x400000000000000 set
cpu-bind=MAP  - nid00913, task 59 59 [1071073]: mask 0x800000000000000 set
cpu-bind=MAP  - nid00913, task 60 60 [1071074]: mask 0x1000000000000000 set
cpu-bind=MAP  - nid00913, task 61 61 [1071075]: mask 0x2000000000000000 set
cpu-bind=MAP  - nid00913, task 62 62 [1071076]: mask 0x4000000000000000 set
cpu-bind=MAP  - nid00913, task 63 63 [1071077]: mask 0x8000000000000000 set
cpu-bind=MAP  - nid00913, task 64 64 [1071078]: mask 0x10000000000000000 set
cpu-bind=MAP  - nid00913, task 65 65 [1071079]: mask 0x20000000000000000 set
cpu-bind=MAP  - nid00913, task 66 66 [1071080]: mask 0x40000000000000000 set
cpu-bind=MAP  - nid00913, task 67 67 [1071081]: mask 0x80000000000000000 set
cpu-bind=MAP  - nid00913, task 68 68 [1071082]: mask 0x100000000000000000 set
cpu-bind=MAP  - nid00913, task 69 69 [1071083]: mask 0x200000000000000000 set
cpu-bind=MAP  - nid00913, task 70 70 [1071084]: mask 0x400000000000000000 set
cpu-bind=MAP  - nid00913, task 71 71 [1071085]: mask 0x800000000000000000 set
cpu-bind=MAP  - nid00913, task 72 72 [1071086]: mask 0x1000000000000000000 set
cpu-bind=MAP  - nid00913, task 73 73 [1071087]: mask 0x2000000000000000000 set
cpu-bind=MAP  - nid00913, task 74 74 [1071088]: mask 0x4000000000000000000 set
cpu-bind=MAP  - nid00913, task 75 75 [1071089]: mask 0x8000000000000000000 set
cpu-bind=MAP  - nid00913, task 76 76 [1071090]: mask 0x10000000000000000000 set
cpu-bind=MAP  - nid00913, task 77 77 [1071091]: mask 0x20000000000000000000 set
cpu-bind=MAP  - nid00913, task 78 78 [1071092]: mask 0x40000000000000000000 set
cpu-bind=MAP  - nid00913, task 79 79 [1071093]: mask 0x80000000000000000000 set
cpu-bind=MAP  - nid00913, task 80 80 [1071094]: mask 0x100000000000000000000 set
cpu-bind=MAP  - nid00913, task 81 81 [1071095]: mask 0x200000000000000000000 set
cpu-bind=MAP  - nid00913, task 82 82 [1071096]: mask 0x400000000000000000000 set
cpu-bind=MAP  - nid00913, task 83 83 [1071097]: mask 0x800000000000000000000 set
cpu-bind=MAP  - nid00913, task 84 84 [1071098]: mask 0x1000000000000000000000 set
cpu-bind=MAP  - nid00913, task 85 85 [1071099]: mask 0x2000000000000000000000 set
cpu-bind=MAP  - nid00913, task 86 86 [1071100]: mask 0x4000000000000000000000 set
cpu-bind=MAP  - nid00913, task 87 87 [1071101]: mask 0x8000000000000000000000 set
cpu-bind=MAP  - nid00913, task 88 88 [1071102]: mask 0x10000000000000000000000 set
cpu-bind=MAP  - nid00913, task 89 89 [1071103]: mask 0x20000000000000000000000 set
cpu-bind=MAP  - nid00913, task 90 90 [1071104]: mask 0x40000000000000000000000 set
cpu-bind=MAP  - nid00913, task 91 91 [1071105]: mask 0x80000000000000000000000 set
cpu-bind=MAP  - nid00913, task 92 92 [1071106]: mask 0x100000000000000000000000 set
cpu-bind=MAP  - nid00913, task 93 93 [1071107]: mask 0x200000000000000000000000 set
cpu-bind=MAP  - nid00913, task 94 94 [1071108]: mask 0x400000000000000000000000 set
cpu-bind=MAP  - nid00913, task 95 95 [1071109]: mask 0x800000000000000000000000 set
cpu-bind=MAP  - nid00913, task 96 96 [1071110]: mask 0x1000000000000000000000000 set
cpu-bind=MAP  - nid00913, task 97 97 [1071111]: mask 0x2000000000000000000000000 set
cpu-bind=MAP  - nid00913, task 98 98 [1071112]: mask 0x4000000000000000000000000 set
cpu-bind=MAP  - nid00913, task 99 99 [1071113]: mask 0x8000000000000000000000000 set
cpu-bind=MAP  - nid00913, task 100 100 [1071114]: mask 0x10000000000000000000000000 set
cpu-bind=MAP  - nid00913, task 101 101 [1071115]: mask 0x20000000000000000000000000 set
cpu-bind=MAP  - nid00913, task 102 102 [1071116]: mask 0x40000000000000000000000000 set
cpu-bind=MAP  - nid00913, task 103 103 [1071117]: mask 0x80000000000000000000000000 set
cpu-bind=MAP  - nid00913, task 104 104 [1071118]: mask 0x100000000000000000000000000 set
cpu-bind=MAP  - nid00913, task 105 105 [1071119]: mask 0x200000000000000000000000000 set
cpu-bind=MAP  - nid00913, task 106 106 [1071120]: mask 0x400000000000000000000000000 set
cpu-bind=MAP  - nid00913, task 107 107 [1071121]: mask 0x800000000000000000000000000 set
cpu-bind=MAP  - nid00913, task 108 108 [1071122]: mask 0x1000000000000000000000000000 set
cpu-bind=MAP  - nid00913, task 109 109 [1071123]: mask 0x2000000000000000000000000000 set
cpu-bind=MAP  - nid00913, task 110 110 [1071124]: mask 0x4000000000000000000000000000 set
cpu-bind=MAP  - nid00913, task 111 111 [1071125]: mask 0x8000000000000000000000000000 set
cpu-bind=MAP  - nid00913, task 112 112 [1071126]: mask 0x10000000000000000000000000000 set
cpu-bind=MAP  - nid00913, task 113 113 [1071127]: mask 0x20000000000000000000000000000 set
cpu-bind=MAP  - nid00913, task 114 114 [1071128]: mask 0x40000000000000000000000000000 set
cpu-bind=MAP  - nid00913, task 115 115 [1071129]: mask 0x80000000000000000000000000000 set
cpu-bind=MAP  - nid00913, task 116 116 [1071130]: mask 0x100000000000000000000000000000 set
cpu-bind=MAP  - nid00913, task 117 117 [1071131]: mask 0x200000000000000000000000000000 set
cpu-bind=MAP  - nid00913, task 118 118 [1071132]: mask 0x400000000000000000000000000000 set
cpu-bind=MAP  - nid00913, task 119 119 [1071133]: mask 0x800000000000000000000000000000 set
cpu-bind=MAP  - nid00913, task 120 120 [1071134]: mask 0x1000000000000000000000000000000 set
cpu-bind=MAP  - nid00913, task 121 121 [1071135]: mask 0x2000000000000000000000000000000 set
cpu-bind=MAP  - nid00913, task 122 122 [1071136]: mask 0x4000000000000000000000000000000 set
cpu-bind=MAP  - nid00913, task 123 123 [1071137]: mask 0x8000000000000000000000000000000 set
cpu-bind=MAP  - nid00913, task 124 124 [1071138]: mask 0x10000000000000000000000000000000 set
cpu-bind=MAP  - nid00913, task 125 125 [1071139]: mask 0x20000000000000000000000000000000 set
cpu-bind=MAP  - nid00913, task 126 126 [1071140]: mask 0x40000000000000000000000000000000 set
cpu-bind=MAP  - nid00913, task 127 127 [1071141]: mask 0x80000000000000000000000000000000 set
cpu-bind=MAP  - nid00913, task 128 128 [1071142]: mask 0x100000000000000000000000000000000 set
cpu-bind=MAP  - nid00913, task 129 129 [1071143]: mask 0x200000000000000000000000000000000 set
cpu-bind=MAP  - nid00913, task 130 130 [1071144]: mask 0x400000000000000000000000000000000 set
cpu-bind=MAP  - nid00913, task 131 131 [1071145]: mask 0x800000000000000000000000000000000 set
cpu-bind=MAP  - nid00913, task 132 132 [1071146]: mask 0x1000000000000000000000000000000000 set
cpu-bind=MAP  - nid00913, task 133 133 [1071147]: mask 0x2000000000000000000000000000000000 set
cpu-bind=MAP  - nid00913, task 134 134 [1071148]: mask 0x4000000000000000000000000000000000 set
cpu-bind=MAP  - nid00913, task 135 135 [1071149]: mask 0x8000000000000000000000000000000000 set
cpu-bind=MAP  - nid00913, task 136 136 [1071150]: mask 0x10000000000000000000000000000000000 set
cpu-bind=MAP  - nid00913, task 137 137 [1071151]: mask 0x20000000000000000000000000000000000 set
cpu-bind=MAP  - nid00913, task 138 138 [1071152]: mask 0x40000000000000000000000000000000000 set
cpu-bind=MAP  - nid00913, task 139 139 [1071153]: mask 0x80000000000000000000000000000000000 set
cpu-bind=MAP  - nid00913, task 140 140 [1071154]: mask 0x100000000000000000000000000000000000 set
cpu-bind=MAP  - nid00913, task 141 141 [1071155]: mask 0x200000000000000000000000000000000000 set
cpu-bind=MAP  - nid00913, task 142 142 [1071156]: mask 0x400000000000000000000000000000000000 set
cpu-bind=MAP  - nid00913, task 143 143 [1071157]: mask 0x800000000000000000000000000000000000 set
cpu-bind=MAP  - nid00913, task 144 144 [1071158]: mask 0x1000000000000000000000000000000000000 set
cpu-bind=MAP  - nid00913, task 145 145 [1071159]: mask 0x2000000000000000000000000000000000000 set
cpu-bind=MAP  - nid00913, task 146 146 [1071160]: mask 0x4000000000000000000000000000000000000 set
cpu-bind=MAP  - nid00913, task 147 147 [1071161]: mask 0x8000000000000000000000000000000000000 set
cpu-bind=MAP  - nid00913, task 148 148 [1071162]: mask 0x10000000000000000000000000000000000000 set
cpu-bind=MAP  - nid00913, task 149 149 [1071163]: mask 0x20000000000000000000000000000000000000 set
cpu-bind=MAP  - nid00913, task 150 150 [1071164]: mask 0x40000000000000000000000000000000000000 set
cpu-bind=MAP  - nid00913, task 151 151 [1071165]: mask 0x80000000000000000000000000000000000000 set
cpu-bind=MAP  - nid00913, task 152 152 [1071166]: mask 0x100000000000000000000000000000000000000 set
cpu-bind=MAP  - nid00913, task 153 153 [1071167]: mask 0x200000000000000000000000000000000000000 set
cpu-bind=MAP  - nid00913, task 154 154 [1071168]: mask 0x400000000000000000000000000000000000000 set
cpu-bind=MAP  - nid00913, task 155 155 [1071169]: mask 0x800000000000000000000000000000000000000 set
cpu-bind=MAP  - nid00913, task 156 156 [1071170]: mask 0x1000000000000000000000000000000000000000 set
cpu-bind=MAP  - nid00913, task 157 157 [1071171]: mask 0x2000000000000000000000000000000000000000 set
cpu-bind=MAP  - nid00913, task 158 158 [1071172]: mask 0x4000000000000000000000000000000000000000 set
cpu-bind=MAP  - nid00913, task 159 159 [1071173]: mask 0x8000000000000000000000000000000000000000 set
cpu-bind=MAP  - nid00913, task 160 160 [1071174]: mask 0x10000000000000000000000000000000000000000 set
cpu-bind=MAP  - nid00913, task 161 161 [1071175]: mask 0x20000000000000000000000000000000000000000 set
cpu-bind=MAP  - nid00913, task 162 162 [1071176]: mask 0x40000000000000000000000000000000000000000 set
cpu-bind=MAP  - nid00913, task 163 163 [1071177]: mask 0x80000000000000000000000000000000000000000 set
cpu-bind=MAP  - nid00913, task 164 164 [1071178]: mask 0x100000000000000000000000000000000000000000 set
cpu-bind=MAP  - nid00913, task 165 165 [1071179]: mask 0x200000000000000000000000000000000000000000 set
cpu-bind=MAP  - nid00913, task 166 166 [1071180]: mask 0x400000000000000000000000000000000000000000 set
cpu-bind=MAP  - nid00913, task 167 167 [1071181]: mask 0x800000000000000000000000000000000000000000 set
cpu-bind=MAP  - nid00913, task 168 168 [1071182]: mask 0x1000000000000000000000000000000000000000000 set
cpu-bind=MAP  - nid00913, task 169 169 [1071183]: mask 0x2000000000000000000000000000000000000000000 set
cpu-bind=MAP  - nid00913, task 170 170 [1071184]: mask 0x4000000000000000000000000000000000000000000 set
cpu-bind=MAP  - nid00913, task 171 171 [1071185]: mask 0x8000000000000000000000000000000000000000000 set
cpu-bind=MAP  - nid00913, task 172 172 [1071186]: mask 0x10000000000000000000000000000000000000000000 set
cpu-bind=MAP  - nid00913, task 173 173 [1071187]: mask 0x20000000000000000000000000000000000000000000 set
cpu-bind=MAP  - nid00913, task 174 174 [1071188]: mask 0x40000000000000000000000000000000000000000000 set
cpu-bind=MAP  - nid00913, task 175 175 [1071189]: mask 0x80000000000000000000000000000000000000000000 set
cpu-bind=MAP  - nid00913, task 176 176 [1071190]: mask 0x100000000000000000000000000000000000000000000 set
cpu-bind=MAP  - nid00913, task 177 177 [1071191]: mask 0x200000000000000000000000000000000000000000000 set
cpu-bind=MAP  - nid00913, task 178 178 [1071192]: mask 0x400000000000000000000000000000000000000000000 set
cpu-bind=MAP  - nid00913, task 179 179 [1071193]: mask 0x800000000000000000000000000000000000000000000 set
cpu-bind=MAP  - nid00913, task 180 180 [1071194]: mask 0x1000000000000000000000000000000000000000000000 set
cpu-bind=MAP  - nid00913, task 181 181 [1071195]: mask 0x2000000000000000000000000000000000000000000000 set
cpu-bind=MAP  - nid00913, task 182 182 [1071196]: mask 0x4000000000000000000000000000000000000000000000 set
cpu-bind=MAP  - nid00913, task 183 183 [1071197]: mask 0x8000000000000000000000000000000000000000000000 set
cpu-bind=MAP  - nid00913, task 184 184 [1071198]: mask 0x10000000000000000000000000000000000000000000000 set
cpu-bind=MAP  - nid00913, task 185 185 [1071199]: mask 0x20000000000000000000000000000000000000000000000 set
cpu-bind=MAP  - nid00913, task 186 186 [1071200]: mask 0x40000000000000000000000000000000000000000000000 set
cpu-bind=MAP  - nid00913, task 187 187 [1071201]: mask 0x80000000000000000000000000000000000000000000000 set
cpu-bind=MAP  - nid00913, task 188 188 [1071202]: mask 0x100000000000000000000000000000000000000000000000 set
cpu-bind=MAP  - nid00913, task 189 189 [1071203]: mask 0x200000000000000000000000000000000000000000000000 set
cpu-bind=MAP  - nid00913, task 190 190 [1071204]: mask 0x400000000000000000000000000000000000000000000000 set
cpu-bind=MAP  - nid00913, task 191 191 [1071205]: mask 0x800000000000000000000000000000000000000000000000 set
srun: Job step aborted: Waiting up to 32 seconds for job step to finish.
slurmstepd: error: *** JOB 4597601 ON nid00913 CANCELLED AT 2025-04-17T19:02:54 ***
slurmstepd: error: *** STEP 4597601.0 ON nid00913 CANCELLED AT 2025-04-17T19:02:54 ***
