cpu-bind=MAP  - nid00066, task  0  0 [3440160]: mask 0x1 set
cpu-bind=MAP  - nid00066, task  1  1 [3440161]: mask 0x2 set
cpu-bind=MAP  - nid00066, task  2  2 [3440162]: mask 0x4 set
cpu-bind=MAP  - nid00066, task  3  3 [3440163]: mask 0x8 set
cpu-bind=MAP  - nid00066, task  4  4 [3440164]: mask 0x10 set
cpu-bind=MAP  - nid00066, task  5  5 [3440165]: mask 0x20 set
cpu-bind=MAP  - nid00066, task  6  6 [3440166]: mask 0x40 set
cpu-bind=MAP  - nid00066, task  7  7 [3440167]: mask 0x80 set
cpu-bind=MAP  - nid00066, task  8  8 [3440168]: mask 0x100 set
cpu-bind=MAP  - nid00066, task  9  9 [3440169]: mask 0x200 set
cpu-bind=MAP  - nid00066, task 10 10 [3440170]: mask 0x400 set
cpu-bind=MAP  - nid00066, task 11 11 [3440171]: mask 0x800 set
cpu-bind=MAP  - nid00066, task 12 12 [3440172]: mask 0x1000 set
cpu-bind=MAP  - nid00066, task 13 13 [3440173]: mask 0x2000 set
cpu-bind=MAP  - nid00066, task 14 14 [3440174]: mask 0x4000 set
cpu-bind=MAP  - nid00066, task 15 15 [3440175]: mask 0x8000 set
cpu-bind=MAP  - nid00066, task 16 16 [3440176]: mask 0x10000 set
cpu-bind=MAP  - nid00066, task 17 17 [3440177]: mask 0x20000 set
cpu-bind=MAP  - nid00066, task 18 18 [3440178]: mask 0x40000 set
cpu-bind=MAP  - nid00066, task 19 19 [3440179]: mask 0x80000 set
cpu-bind=MAP  - nid00066, task 20 20 [3440180]: mask 0x100000 set
cpu-bind=MAP  - nid00066, task 21 21 [3440181]: mask 0x200000 set
cpu-bind=MAP  - nid00066, task 22 22 [3440182]: mask 0x400000 set
cpu-bind=MAP  - nid00066, task 23 23 [3440183]: mask 0x800000 set
cpu-bind=MAP  - nid00066, task 24 24 [3440184]: mask 0x1000000 set
cpu-bind=MAP  - nid00066, task 25 25 [3440185]: mask 0x2000000 set
cpu-bind=MAP  - nid00066, task 26 26 [3440186]: mask 0x4000000 set
cpu-bind=MAP  - nid00066, task 27 27 [3440187]: mask 0x8000000 set
cpu-bind=MAP  - nid00066, task 28 28 [3440188]: mask 0x10000000 set
cpu-bind=MAP  - nid00066, task 29 29 [3440189]: mask 0x20000000 set
cpu-bind=MAP  - nid00066, task 30 30 [3440190]: mask 0x40000000 set
cpu-bind=MAP  - nid00066, task 31 31 [3440191]: mask 0x80000000 set
cpu-bind=MAP  - nid00066, task 32 32 [3440192]: mask 0x100000000 set
cpu-bind=MAP  - nid00066, task 33 33 [3440193]: mask 0x200000000 set
cpu-bind=MAP  - nid00066, task 34 34 [3440194]: mask 0x400000000 set
cpu-bind=MAP  - nid00066, task 35 35 [3440195]: mask 0x800000000 set
cpu-bind=MAP  - nid00066, task 36 36 [3440196]: mask 0x1000000000 set
cpu-bind=MAP  - nid00066, task 37 37 [3440197]: mask 0x2000000000 set
cpu-bind=MAP  - nid00066, task 38 38 [3440198]: mask 0x4000000000 set
cpu-bind=MAP  - nid00066, task 39 39 [3440199]: mask 0x8000000000 set
cpu-bind=MAP  - nid00066, task 40 40 [3440200]: mask 0x10000000000 set
cpu-bind=MAP  - nid00066, task 41 41 [3440201]: mask 0x20000000000 set
cpu-bind=MAP  - nid00066, task 42 42 [3440202]: mask 0x40000000000 set
cpu-bind=MAP  - nid00066, task 43 43 [3440203]: mask 0x80000000000 set
cpu-bind=MAP  - nid00066, task 44 44 [3440204]: mask 0x100000000000 set
cpu-bind=MAP  - nid00066, task 45 45 [3440205]: mask 0x200000000000 set
cpu-bind=MAP  - nid00066, task 46 46 [3440206]: mask 0x400000000000 set
cpu-bind=MAP  - nid00066, task 47 47 [3440207]: mask 0x800000000000 set
cpu-bind=MAP  - nid00066, task 48 48 [3440208]: mask 0x1000000000000 set
cpu-bind=MAP  - nid00066, task 49 49 [3440209]: mask 0x2000000000000 set
cpu-bind=MAP  - nid00066, task 50 50 [3440210]: mask 0x4000000000000 set
cpu-bind=MAP  - nid00066, task 51 51 [3440211]: mask 0x8000000000000 set
cpu-bind=MAP  - nid00066, task 52 52 [3440212]: mask 0x10000000000000 set
cpu-bind=MAP  - nid00066, task 53 53 [3440213]: mask 0x20000000000000 set
cpu-bind=MAP  - nid00066, task 54 54 [3440214]: mask 0x40000000000000 set
cpu-bind=MAP  - nid00066, task 55 55 [3440215]: mask 0x80000000000000 set
cpu-bind=MAP  - nid00066, task 56 56 [3440216]: mask 0x100000000000000 set
cpu-bind=MAP  - nid00066, task 57 57 [3440217]: mask 0x200000000000000 set
cpu-bind=MAP  - nid00066, task 58 58 [3440218]: mask 0x400000000000000 set
cpu-bind=MAP  - nid00066, task 59 59 [3440219]: mask 0x800000000000000 set
cpu-bind=MAP  - nid00066, task 60 60 [3440220]: mask 0x1000000000000000 set
cpu-bind=MAP  - nid00066, task 61 61 [3440221]: mask 0x2000000000000000 set
cpu-bind=MAP  - nid00066, task 62 62 [3440222]: mask 0x4000000000000000 set
cpu-bind=MAP  - nid00066, task 63 63 [3440223]: mask 0x8000000000000000 set
cpu-bind=MAP  - nid00066, task 64 64 [3440224]: mask 0x10000000000000000 set
cpu-bind=MAP  - nid00066, task 65 65 [3440225]: mask 0x20000000000000000 set
cpu-bind=MAP  - nid00066, task 66 66 [3440226]: mask 0x40000000000000000 set
cpu-bind=MAP  - nid00066, task 67 67 [3440227]: mask 0x80000000000000000 set
cpu-bind=MAP  - nid00066, task 68 68 [3440228]: mask 0x100000000000000000 set
cpu-bind=MAP  - nid00066, task 69 69 [3440229]: mask 0x200000000000000000 set
cpu-bind=MAP  - nid00066, task 70 70 [3440230]: mask 0x400000000000000000 set
cpu-bind=MAP  - nid00066, task 71 71 [3440231]: mask 0x800000000000000000 set
cpu-bind=MAP  - nid00066, task 72 72 [3440232]: mask 0x1000000000000000000 set
cpu-bind=MAP  - nid00066, task 73 73 [3440233]: mask 0x2000000000000000000 set
cpu-bind=MAP  - nid00066, task 74 74 [3440234]: mask 0x4000000000000000000 set
cpu-bind=MAP  - nid00066, task 75 75 [3440235]: mask 0x8000000000000000000 set
cpu-bind=MAP  - nid00066, task 76 76 [3440236]: mask 0x10000000000000000000 set
cpu-bind=MAP  - nid00066, task 77 77 [3440237]: mask 0x20000000000000000000 set
cpu-bind=MAP  - nid00066, task 78 78 [3440238]: mask 0x40000000000000000000 set
cpu-bind=MAP  - nid00066, task 79 79 [3440239]: mask 0x80000000000000000000 set
cpu-bind=MAP  - nid00066, task 80 80 [3440240]: mask 0x100000000000000000000 set
cpu-bind=MAP  - nid00066, task 81 81 [3440241]: mask 0x200000000000000000000 set
cpu-bind=MAP  - nid00066, task 82 82 [3440242]: mask 0x400000000000000000000 set
cpu-bind=MAP  - nid00066, task 83 83 [3440243]: mask 0x800000000000000000000 set
cpu-bind=MAP  - nid00066, task 84 84 [3440244]: mask 0x1000000000000000000000 set
cpu-bind=MAP  - nid00066, task 85 85 [3440245]: mask 0x2000000000000000000000 set
cpu-bind=MAP  - nid00066, task 86 86 [3440246]: mask 0x4000000000000000000000 set
cpu-bind=MAP  - nid00066, task 87 87 [3440247]: mask 0x8000000000000000000000 set
cpu-bind=MAP  - nid00066, task 88 88 [3440248]: mask 0x10000000000000000000000 set
cpu-bind=MAP  - nid00066, task 89 89 [3440249]: mask 0x20000000000000000000000 set
cpu-bind=MAP  - nid00066, task 90 90 [3440250]: mask 0x40000000000000000000000 set
cpu-bind=MAP  - nid00066, task 91 91 [3440251]: mask 0x80000000000000000000000 set
cpu-bind=MAP  - nid00066, task 92 92 [3440252]: mask 0x100000000000000000000000 set
cpu-bind=MAP  - nid00066, task 93 93 [3440253]: mask 0x200000000000000000000000 set
cpu-bind=MAP  - nid00066, task 94 94 [3440254]: mask 0x400000000000000000000000 set
cpu-bind=MAP  - nid00066, task 95 95 [3440255]: mask 0x800000000000000000000000 set
cpu-bind=MAP  - nid00066, task 96 96 [3440256]: mask 0x1000000000000000000000000 set
cpu-bind=MAP  - nid00066, task 97 97 [3440257]: mask 0x2000000000000000000000000 set
cpu-bind=MAP  - nid00066, task 98 98 [3440258]: mask 0x4000000000000000000000000 set
cpu-bind=MAP  - nid00066, task 99 99 [3440259]: mask 0x8000000000000000000000000 set
cpu-bind=MAP  - nid00066, task 100 100 [3440260]: mask 0x10000000000000000000000000 set
cpu-bind=MAP  - nid00066, task 101 101 [3440261]: mask 0x20000000000000000000000000 set
cpu-bind=MAP  - nid00066, task 102 102 [3440262]: mask 0x40000000000000000000000000 set
cpu-bind=MAP  - nid00066, task 103 103 [3440263]: mask 0x80000000000000000000000000 set
cpu-bind=MAP  - nid00066, task 104 104 [3440264]: mask 0x100000000000000000000000000 set
cpu-bind=MAP  - nid00066, task 105 105 [3440265]: mask 0x200000000000000000000000000 set
cpu-bind=MAP  - nid00066, task 106 106 [3440266]: mask 0x400000000000000000000000000 set
cpu-bind=MAP  - nid00066, task 107 107 [3440267]: mask 0x800000000000000000000000000 set
cpu-bind=MAP  - nid00066, task 108 108 [3440268]: mask 0x1000000000000000000000000000 set
cpu-bind=MAP  - nid00066, task 109 109 [3440269]: mask 0x2000000000000000000000000000 set
cpu-bind=MAP  - nid00066, task 110 110 [3440270]: mask 0x4000000000000000000000000000 set
cpu-bind=MAP  - nid00066, task 111 111 [3440271]: mask 0x8000000000000000000000000000 set
cpu-bind=MAP  - nid00066, task 112 112 [3440272]: mask 0x10000000000000000000000000000 set
cpu-bind=MAP  - nid00066, task 113 113 [3440273]: mask 0x20000000000000000000000000000 set
cpu-bind=MAP  - nid00066, task 114 114 [3440274]: mask 0x40000000000000000000000000000 set
cpu-bind=MAP  - nid00066, task 115 115 [3440275]: mask 0x80000000000000000000000000000 set
cpu-bind=MAP  - nid00066, task 116 116 [3440276]: mask 0x100000000000000000000000000000 set
cpu-bind=MAP  - nid00066, task 117 117 [3440277]: mask 0x200000000000000000000000000000 set
cpu-bind=MAP  - nid00066, task 118 118 [3440278]: mask 0x400000000000000000000000000000 set
cpu-bind=MAP  - nid00066, task 119 119 [3440279]: mask 0x800000000000000000000000000000 set
cpu-bind=MAP  - nid00066, task 120 120 [3440280]: mask 0x1000000000000000000000000000000 set
cpu-bind=MAP  - nid00066, task 121 121 [3440281]: mask 0x2000000000000000000000000000000 set
cpu-bind=MAP  - nid00066, task 122 122 [3440282]: mask 0x4000000000000000000000000000000 set
cpu-bind=MAP  - nid00066, task 123 123 [3440283]: mask 0x8000000000000000000000000000000 set
cpu-bind=MAP  - nid00066, task 124 124 [3440284]: mask 0x10000000000000000000000000000000 set
cpu-bind=MAP  - nid00066, task 125 125 [3440285]: mask 0x20000000000000000000000000000000 set
cpu-bind=MAP  - nid00066, task 126 126 [3440286]: mask 0x40000000000000000000000000000000 set
cpu-bind=MAP  - nid00066, task 127 127 [3440287]: mask 0x80000000000000000000000000000000 set
cpu-bind=MAP  - nid00066, task 128 128 [3440288]: mask 0x100000000000000000000000000000000 set
cpu-bind=MAP  - nid00066, task 129 129 [3440289]: mask 0x200000000000000000000000000000000 set
cpu-bind=MAP  - nid00066, task 130 130 [3440290]: mask 0x400000000000000000000000000000000 set
cpu-bind=MAP  - nid00066, task 131 131 [3440291]: mask 0x800000000000000000000000000000000 set
cpu-bind=MAP  - nid00066, task 132 132 [3440292]: mask 0x1000000000000000000000000000000000 set
cpu-bind=MAP  - nid00066, task 133 133 [3440293]: mask 0x2000000000000000000000000000000000 set
cpu-bind=MAP  - nid00066, task 134 134 [3440294]: mask 0x4000000000000000000000000000000000 set
cpu-bind=MAP  - nid00066, task 135 135 [3440295]: mask 0x8000000000000000000000000000000000 set
cpu-bind=MAP  - nid00066, task 136 136 [3440296]: mask 0x10000000000000000000000000000000000 set
cpu-bind=MAP  - nid00066, task 137 137 [3440297]: mask 0x20000000000000000000000000000000000 set
cpu-bind=MAP  - nid00066, task 138 138 [3440298]: mask 0x40000000000000000000000000000000000 set
cpu-bind=MAP  - nid00066, task 139 139 [3440299]: mask 0x80000000000000000000000000000000000 set
cpu-bind=MAP  - nid00066, task 140 140 [3440300]: mask 0x100000000000000000000000000000000000 set
cpu-bind=MAP  - nid00066, task 141 141 [3440301]: mask 0x200000000000000000000000000000000000 set
cpu-bind=MAP  - nid00066, task 142 142 [3440302]: mask 0x400000000000000000000000000000000000 set
cpu-bind=MAP  - nid00066, task 143 143 [3440303]: mask 0x800000000000000000000000000000000000 set
cpu-bind=MAP  - nid00066, task 144 144 [3440304]: mask 0x1000000000000000000000000000000000000 set
cpu-bind=MAP  - nid00066, task 145 145 [3440305]: mask 0x2000000000000000000000000000000000000 set
cpu-bind=MAP  - nid00066, task 146 146 [3440306]: mask 0x4000000000000000000000000000000000000 set
cpu-bind=MAP  - nid00066, task 147 147 [3440307]: mask 0x8000000000000000000000000000000000000 set
cpu-bind=MAP  - nid00066, task 148 148 [3440308]: mask 0x10000000000000000000000000000000000000 set
cpu-bind=MAP  - nid00066, task 149 149 [3440309]: mask 0x20000000000000000000000000000000000000 set
cpu-bind=MAP  - nid00066, task 150 150 [3440310]: mask 0x40000000000000000000000000000000000000 set
cpu-bind=MAP  - nid00066, task 151 151 [3440311]: mask 0x80000000000000000000000000000000000000 set
cpu-bind=MAP  - nid00066, task 152 152 [3440312]: mask 0x100000000000000000000000000000000000000 set
cpu-bind=MAP  - nid00066, task 153 153 [3440313]: mask 0x200000000000000000000000000000000000000 set
cpu-bind=MAP  - nid00066, task 154 154 [3440314]: mask 0x400000000000000000000000000000000000000 set
cpu-bind=MAP  - nid00066, task 155 155 [3440315]: mask 0x800000000000000000000000000000000000000 set
cpu-bind=MAP  - nid00066, task 156 156 [3440316]: mask 0x1000000000000000000000000000000000000000 set
cpu-bind=MAP  - nid00066, task 157 157 [3440317]: mask 0x2000000000000000000000000000000000000000 set
cpu-bind=MAP  - nid00066, task 158 158 [3440318]: mask 0x4000000000000000000000000000000000000000 set
cpu-bind=MAP  - nid00066, task 159 159 [3440319]: mask 0x8000000000000000000000000000000000000000 set
cpu-bind=MAP  - nid00066, task 160 160 [3440320]: mask 0x10000000000000000000000000000000000000000 set
cpu-bind=MAP  - nid00066, task 161 161 [3440321]: mask 0x20000000000000000000000000000000000000000 set
cpu-bind=MAP  - nid00066, task 162 162 [3440322]: mask 0x40000000000000000000000000000000000000000 set
cpu-bind=MAP  - nid00066, task 163 163 [3440323]: mask 0x80000000000000000000000000000000000000000 set
cpu-bind=MAP  - nid00066, task 164 164 [3440324]: mask 0x100000000000000000000000000000000000000000 set
cpu-bind=MAP  - nid00066, task 165 165 [3440325]: mask 0x200000000000000000000000000000000000000000 set
cpu-bind=MAP  - nid00066, task 166 166 [3440326]: mask 0x400000000000000000000000000000000000000000 set
cpu-bind=MAP  - nid00066, task 167 167 [3440327]: mask 0x800000000000000000000000000000000000000000 set
cpu-bind=MAP  - nid00066, task 168 168 [3440328]: mask 0x1000000000000000000000000000000000000000000 set
cpu-bind=MAP  - nid00066, task 169 169 [3440329]: mask 0x2000000000000000000000000000000000000000000 set
cpu-bind=MAP  - nid00066, task 170 170 [3440330]: mask 0x4000000000000000000000000000000000000000000 set
cpu-bind=MAP  - nid00066, task 171 171 [3440331]: mask 0x8000000000000000000000000000000000000000000 set
cpu-bind=MAP  - nid00066, task 172 172 [3440332]: mask 0x10000000000000000000000000000000000000000000 set
cpu-bind=MAP  - nid00066, task 173 173 [3440333]: mask 0x20000000000000000000000000000000000000000000 set
cpu-bind=MAP  - nid00066, task 174 174 [3440334]: mask 0x40000000000000000000000000000000000000000000 set
cpu-bind=MAP  - nid00066, task 175 175 [3440335]: mask 0x80000000000000000000000000000000000000000000 set
cpu-bind=MAP  - nid00066, task 176 176 [3440336]: mask 0x100000000000000000000000000000000000000000000 set
cpu-bind=MAP  - nid00066, task 177 177 [3440337]: mask 0x200000000000000000000000000000000000000000000 set
cpu-bind=MAP  - nid00066, task 178 178 [3440338]: mask 0x400000000000000000000000000000000000000000000 set
cpu-bind=MAP  - nid00066, task 179 179 [3440339]: mask 0x800000000000000000000000000000000000000000000 set
cpu-bind=MAP  - nid00066, task 180 180 [3440340]: mask 0x1000000000000000000000000000000000000000000000 set
cpu-bind=MAP  - nid00066, task 181 181 [3440341]: mask 0x2000000000000000000000000000000000000000000000 set
cpu-bind=MAP  - nid00066, task 182 182 [3440342]: mask 0x4000000000000000000000000000000000000000000000 set
cpu-bind=MAP  - nid00066, task 183 183 [3440343]: mask 0x8000000000000000000000000000000000000000000000 set
cpu-bind=MAP  - nid00066, task 184 184 [3440344]: mask 0x10000000000000000000000000000000000000000000000 set
cpu-bind=MAP  - nid00066, task 185 185 [3440345]: mask 0x20000000000000000000000000000000000000000000000 set
cpu-bind=MAP  - nid00066, task 186 186 [3440346]: mask 0x40000000000000000000000000000000000000000000000 set
cpu-bind=MAP  - nid00066, task 187 187 [3440347]: mask 0x80000000000000000000000000000000000000000000000 set
cpu-bind=MAP  - nid00066, task 188 188 [3440348]: mask 0x100000000000000000000000000000000000000000000000 set
cpu-bind=MAP  - nid00066, task 189 189 [3440349]: mask 0x200000000000000000000000000000000000000000000000 set
cpu-bind=MAP  - nid00066, task 190 190 [3440350]: mask 0x400000000000000000000000000000000000000000000000 set
cpu-bind=MAP  - nid00066, task 191 191 [3440351]: mask 0x800000000000000000000000000000000000000000000000 set
srun: Job step aborted: Waiting up to 32 seconds for job step to finish.
slurmstepd: error: *** STEP 4685032.0 ON nid00066 CANCELLED AT 2025-04-22T03:22:23 ***
slurmstepd: error: *** JOB 4685032 ON nid00066 CANCELLED AT 2025-04-22T03:22:23 ***
