cpu-bind=MAP  - nid01087, task  0  0 [895454]: mask 0x1 set
cpu-bind=MAP  - nid01087, task  1  1 [895455]: mask 0x2 set
cpu-bind=MAP  - nid01087, task  2  2 [895456]: mask 0x4 set
cpu-bind=MAP  - nid01087, task  3  3 [895457]: mask 0x8 set
cpu-bind=MAP  - nid01087, task  4  4 [895458]: mask 0x10 set
cpu-bind=MAP  - nid01087, task  5  5 [895459]: mask 0x20 set
cpu-bind=MAP  - nid01087, task  6  6 [895460]: mask 0x40 set
cpu-bind=MAP  - nid01087, task  7  7 [895461]: mask 0x80 set
cpu-bind=MAP  - nid01087, task  8  8 [895462]: mask 0x100 set
cpu-bind=MAP  - nid01087, task  9  9 [895463]: mask 0x200 set
cpu-bind=MAP  - nid01087, task 10 10 [895464]: mask 0x400 set
cpu-bind=MAP  - nid01087, task 11 11 [895465]: mask 0x800 set
cpu-bind=MAP  - nid01087, task 12 12 [895466]: mask 0x1000 set
cpu-bind=MAP  - nid01087, task 13 13 [895467]: mask 0x2000 set
cpu-bind=MAP  - nid01087, task 14 14 [895468]: mask 0x4000 set
cpu-bind=MAP  - nid01087, task 15 15 [895469]: mask 0x8000 set
cpu-bind=MAP  - nid01087, task 16 16 [895470]: mask 0x10000 set
cpu-bind=MAP  - nid01087, task 17 17 [895471]: mask 0x20000 set
cpu-bind=MAP  - nid01087, task 18 18 [895472]: mask 0x40000 set
cpu-bind=MAP  - nid01087, task 19 19 [895473]: mask 0x80000 set
cpu-bind=MAP  - nid01087, task 20 20 [895474]: mask 0x100000 set
cpu-bind=MAP  - nid01087, task 21 21 [895475]: mask 0x200000 set
cpu-bind=MAP  - nid01087, task 22 22 [895476]: mask 0x400000 set
cpu-bind=MAP  - nid01087, task 23 23 [895477]: mask 0x800000 set
cpu-bind=MAP  - nid01087, task 24 24 [895478]: mask 0x1000000 set
cpu-bind=MAP  - nid01087, task 25 25 [895479]: mask 0x2000000 set
cpu-bind=MAP  - nid01087, task 26 26 [895480]: mask 0x4000000 set
cpu-bind=MAP  - nid01087, task 27 27 [895481]: mask 0x8000000 set
cpu-bind=MAP  - nid01087, task 28 28 [895482]: mask 0x10000000 set
cpu-bind=MAP  - nid01087, task 29 29 [895483]: mask 0x20000000 set
cpu-bind=MAP  - nid01087, task 30 30 [895484]: mask 0x40000000 set
cpu-bind=MAP  - nid01087, task 31 31 [895485]: mask 0x80000000 set
cpu-bind=MAP  - nid01087, task 32 32 [895486]: mask 0x100000000 set
cpu-bind=MAP  - nid01087, task 33 33 [895487]: mask 0x200000000 set
cpu-bind=MAP  - nid01087, task 34 34 [895488]: mask 0x400000000 set
cpu-bind=MAP  - nid01087, task 35 35 [895489]: mask 0x800000000 set
cpu-bind=MAP  - nid01087, task 36 36 [895490]: mask 0x1000000000 set
cpu-bind=MAP  - nid01087, task 37 37 [895491]: mask 0x2000000000 set
cpu-bind=MAP  - nid01087, task 38 38 [895492]: mask 0x4000000000 set
cpu-bind=MAP  - nid01087, task 39 39 [895493]: mask 0x8000000000 set
cpu-bind=MAP  - nid01087, task 40 40 [895494]: mask 0x10000000000 set
cpu-bind=MAP  - nid01087, task 41 41 [895495]: mask 0x20000000000 set
cpu-bind=MAP  - nid01087, task 42 42 [895496]: mask 0x40000000000 set
cpu-bind=MAP  - nid01087, task 43 43 [895497]: mask 0x80000000000 set
cpu-bind=MAP  - nid01087, task 44 44 [895498]: mask 0x100000000000 set
cpu-bind=MAP  - nid01087, task 45 45 [895499]: mask 0x200000000000 set
cpu-bind=MAP  - nid01087, task 46 46 [895500]: mask 0x400000000000 set
cpu-bind=MAP  - nid01087, task 47 47 [895501]: mask 0x800000000000 set
cpu-bind=MAP  - nid01087, task 48 48 [895502]: mask 0x1000000000000 set
cpu-bind=MAP  - nid01087, task 49 49 [895503]: mask 0x2000000000000 set
cpu-bind=MAP  - nid01087, task 50 50 [895504]: mask 0x4000000000000 set
cpu-bind=MAP  - nid01087, task 51 51 [895505]: mask 0x8000000000000 set
cpu-bind=MAP  - nid01087, task 52 52 [895506]: mask 0x10000000000000 set
cpu-bind=MAP  - nid01087, task 53 53 [895507]: mask 0x20000000000000 set
cpu-bind=MAP  - nid01087, task 54 54 [895508]: mask 0x40000000000000 set
cpu-bind=MAP  - nid01087, task 55 55 [895509]: mask 0x80000000000000 set
cpu-bind=MAP  - nid01087, task 56 56 [895510]: mask 0x100000000000000 set
cpu-bind=MAP  - nid01087, task 57 57 [895511]: mask 0x200000000000000 set
cpu-bind=MAP  - nid01087, task 58 58 [895512]: mask 0x400000000000000 set
cpu-bind=MAP  - nid01087, task 59 59 [895513]: mask 0x800000000000000 set
cpu-bind=MAP  - nid01087, task 60 60 [895514]: mask 0x1000000000000000 set
cpu-bind=MAP  - nid01087, task 61 61 [895515]: mask 0x2000000000000000 set
cpu-bind=MAP  - nid01087, task 62 62 [895516]: mask 0x4000000000000000 set
cpu-bind=MAP  - nid01087, task 63 63 [895517]: mask 0x8000000000000000 set
cpu-bind=MAP  - nid01087, task 64 64 [895518]: mask 0x10000000000000000 set
cpu-bind=MAP  - nid01087, task 65 65 [895519]: mask 0x20000000000000000 set
cpu-bind=MAP  - nid01087, task 66 66 [895520]: mask 0x40000000000000000 set
cpu-bind=MAP  - nid01087, task 67 67 [895521]: mask 0x80000000000000000 set
cpu-bind=MAP  - nid01087, task 68 68 [895522]: mask 0x100000000000000000 set
cpu-bind=MAP  - nid01087, task 69 69 [895523]: mask 0x200000000000000000 set
cpu-bind=MAP  - nid01087, task 70 70 [895524]: mask 0x400000000000000000 set
cpu-bind=MAP  - nid01087, task 71 71 [895525]: mask 0x800000000000000000 set
cpu-bind=MAP  - nid01087, task 72 72 [895526]: mask 0x1000000000000000000 set
cpu-bind=MAP  - nid01087, task 73 73 [895527]: mask 0x2000000000000000000 set
cpu-bind=MAP  - nid01087, task 74 74 [895528]: mask 0x4000000000000000000 set
cpu-bind=MAP  - nid01087, task 75 75 [895529]: mask 0x8000000000000000000 set
cpu-bind=MAP  - nid01087, task 76 76 [895530]: mask 0x10000000000000000000 set
cpu-bind=MAP  - nid01087, task 77 77 [895531]: mask 0x20000000000000000000 set
cpu-bind=MAP  - nid01087, task 78 78 [895532]: mask 0x40000000000000000000 set
cpu-bind=MAP  - nid01087, task 79 79 [895533]: mask 0x80000000000000000000 set
cpu-bind=MAP  - nid01087, task 80 80 [895534]: mask 0x100000000000000000000 set
cpu-bind=MAP  - nid01087, task 81 81 [895535]: mask 0x200000000000000000000 set
cpu-bind=MAP  - nid01087, task 82 82 [895536]: mask 0x400000000000000000000 set
cpu-bind=MAP  - nid01087, task 83 83 [895537]: mask 0x800000000000000000000 set
cpu-bind=MAP  - nid01087, task 84 84 [895538]: mask 0x1000000000000000000000 set
cpu-bind=MAP  - nid01087, task 85 85 [895539]: mask 0x2000000000000000000000 set
cpu-bind=MAP  - nid01087, task 86 86 [895540]: mask 0x4000000000000000000000 set
cpu-bind=MAP  - nid01087, task 87 87 [895541]: mask 0x8000000000000000000000 set
cpu-bind=MAP  - nid01087, task 88 88 [895542]: mask 0x10000000000000000000000 set
cpu-bind=MAP  - nid01087, task 89 89 [895543]: mask 0x20000000000000000000000 set
cpu-bind=MAP  - nid01087, task 90 90 [895544]: mask 0x40000000000000000000000 set
cpu-bind=MAP  - nid01087, task 91 91 [895545]: mask 0x80000000000000000000000 set
cpu-bind=MAP  - nid01087, task 92 92 [895546]: mask 0x100000000000000000000000 set
cpu-bind=MAP  - nid01087, task 93 93 [895547]: mask 0x200000000000000000000000 set
cpu-bind=MAP  - nid01087, task 94 94 [895548]: mask 0x400000000000000000000000 set
cpu-bind=MAP  - nid01087, task 95 95 [895549]: mask 0x800000000000000000000000 set
cpu-bind=MAP  - nid01087, task 96 96 [895550]: mask 0x1000000000000000000000000 set
cpu-bind=MAP  - nid01087, task 97 97 [895551]: mask 0x2000000000000000000000000 set
cpu-bind=MAP  - nid01087, task 98 98 [895552]: mask 0x4000000000000000000000000 set
cpu-bind=MAP  - nid01087, task 99 99 [895553]: mask 0x8000000000000000000000000 set
cpu-bind=MAP  - nid01087, task 100 100 [895554]: mask 0x10000000000000000000000000 set
cpu-bind=MAP  - nid01087, task 101 101 [895555]: mask 0x20000000000000000000000000 set
cpu-bind=MAP  - nid01087, task 102 102 [895556]: mask 0x40000000000000000000000000 set
cpu-bind=MAP  - nid01087, task 103 103 [895557]: mask 0x80000000000000000000000000 set
cpu-bind=MAP  - nid01087, task 104 104 [895558]: mask 0x100000000000000000000000000 set
cpu-bind=MAP  - nid01087, task 105 105 [895559]: mask 0x200000000000000000000000000 set
cpu-bind=MAP  - nid01087, task 106 106 [895560]: mask 0x400000000000000000000000000 set
cpu-bind=MAP  - nid01087, task 107 107 [895561]: mask 0x800000000000000000000000000 set
cpu-bind=MAP  - nid01087, task 108 108 [895562]: mask 0x1000000000000000000000000000 set
cpu-bind=MAP  - nid01087, task 109 109 [895563]: mask 0x2000000000000000000000000000 set
cpu-bind=MAP  - nid01087, task 110 110 [895564]: mask 0x4000000000000000000000000000 set
cpu-bind=MAP  - nid01087, task 111 111 [895565]: mask 0x8000000000000000000000000000 set
cpu-bind=MAP  - nid01087, task 112 112 [895566]: mask 0x10000000000000000000000000000 set
cpu-bind=MAP  - nid01087, task 113 113 [895567]: mask 0x20000000000000000000000000000 set
cpu-bind=MAP  - nid01087, task 114 114 [895568]: mask 0x40000000000000000000000000000 set
cpu-bind=MAP  - nid01087, task 115 115 [895569]: mask 0x80000000000000000000000000000 set
cpu-bind=MAP  - nid01087, task 116 116 [895570]: mask 0x100000000000000000000000000000 set
cpu-bind=MAP  - nid01087, task 117 117 [895571]: mask 0x200000000000000000000000000000 set
cpu-bind=MAP  - nid01087, task 118 118 [895572]: mask 0x400000000000000000000000000000 set
cpu-bind=MAP  - nid01087, task 119 119 [895573]: mask 0x800000000000000000000000000000 set
cpu-bind=MAP  - nid01087, task 120 120 [895574]: mask 0x1000000000000000000000000000000 set
cpu-bind=MAP  - nid01087, task 121 121 [895575]: mask 0x2000000000000000000000000000000 set
cpu-bind=MAP  - nid01087, task 122 122 [895576]: mask 0x4000000000000000000000000000000 set
cpu-bind=MAP  - nid01087, task 123 123 [895577]: mask 0x8000000000000000000000000000000 set
cpu-bind=MAP  - nid01087, task 124 124 [895578]: mask 0x10000000000000000000000000000000 set
cpu-bind=MAP  - nid01087, task 125 125 [895579]: mask 0x20000000000000000000000000000000 set
cpu-bind=MAP  - nid01087, task 126 126 [895580]: mask 0x40000000000000000000000000000000 set
cpu-bind=MAP  - nid01087, task 127 127 [895581]: mask 0x80000000000000000000000000000000 set
cpu-bind=MAP  - nid01087, task 128 128 [895582]: mask 0x100000000000000000000000000000000 set
cpu-bind=MAP  - nid01087, task 129 129 [895583]: mask 0x200000000000000000000000000000000 set
cpu-bind=MAP  - nid01087, task 130 130 [895584]: mask 0x400000000000000000000000000000000 set
cpu-bind=MAP  - nid01087, task 131 131 [895585]: mask 0x800000000000000000000000000000000 set
cpu-bind=MAP  - nid01087, task 132 132 [895586]: mask 0x1000000000000000000000000000000000 set
cpu-bind=MAP  - nid01087, task 133 133 [895587]: mask 0x2000000000000000000000000000000000 set
cpu-bind=MAP  - nid01087, task 134 134 [895588]: mask 0x4000000000000000000000000000000000 set
cpu-bind=MAP  - nid01087, task 135 135 [895589]: mask 0x8000000000000000000000000000000000 set
cpu-bind=MAP  - nid01087, task 136 136 [895590]: mask 0x10000000000000000000000000000000000 set
cpu-bind=MAP  - nid01087, task 137 137 [895591]: mask 0x20000000000000000000000000000000000 set
cpu-bind=MAP  - nid01087, task 138 138 [895592]: mask 0x40000000000000000000000000000000000 set
cpu-bind=MAP  - nid01087, task 139 139 [895593]: mask 0x80000000000000000000000000000000000 set
cpu-bind=MAP  - nid01087, task 140 140 [895594]: mask 0x100000000000000000000000000000000000 set
cpu-bind=MAP  - nid01087, task 141 141 [895595]: mask 0x200000000000000000000000000000000000 set
cpu-bind=MAP  - nid01087, task 142 142 [895596]: mask 0x400000000000000000000000000000000000 set
cpu-bind=MAP  - nid01087, task 143 143 [895597]: mask 0x800000000000000000000000000000000000 set
cpu-bind=MAP  - nid01087, task 144 144 [895598]: mask 0x1000000000000000000000000000000000000 set
cpu-bind=MAP  - nid01087, task 145 145 [895599]: mask 0x2000000000000000000000000000000000000 set
cpu-bind=MAP  - nid01087, task 146 146 [895600]: mask 0x4000000000000000000000000000000000000 set
cpu-bind=MAP  - nid01087, task 147 147 [895601]: mask 0x8000000000000000000000000000000000000 set
cpu-bind=MAP  - nid01087, task 148 148 [895602]: mask 0x10000000000000000000000000000000000000 set
cpu-bind=MAP  - nid01087, task 149 149 [895603]: mask 0x20000000000000000000000000000000000000 set
cpu-bind=MAP  - nid01087, task 150 150 [895604]: mask 0x40000000000000000000000000000000000000 set
cpu-bind=MAP  - nid01087, task 151 151 [895605]: mask 0x80000000000000000000000000000000000000 set
cpu-bind=MAP  - nid01087, task 152 152 [895606]: mask 0x100000000000000000000000000000000000000 set
cpu-bind=MAP  - nid01087, task 153 153 [895607]: mask 0x200000000000000000000000000000000000000 set
cpu-bind=MAP  - nid01087, task 154 154 [895608]: mask 0x400000000000000000000000000000000000000 set
cpu-bind=MAP  - nid01087, task 155 155 [895609]: mask 0x800000000000000000000000000000000000000 set
cpu-bind=MAP  - nid01087, task 156 156 [895610]: mask 0x1000000000000000000000000000000000000000 set
cpu-bind=MAP  - nid01087, task 157 157 [895611]: mask 0x2000000000000000000000000000000000000000 set
cpu-bind=MAP  - nid01087, task 158 158 [895612]: mask 0x4000000000000000000000000000000000000000 set
cpu-bind=MAP  - nid01087, task 159 159 [895613]: mask 0x8000000000000000000000000000000000000000 set
cpu-bind=MAP  - nid01087, task 160 160 [895614]: mask 0x10000000000000000000000000000000000000000 set
cpu-bind=MAP  - nid01087, task 161 161 [895615]: mask 0x20000000000000000000000000000000000000000 set
cpu-bind=MAP  - nid01087, task 162 162 [895616]: mask 0x40000000000000000000000000000000000000000 set
cpu-bind=MAP  - nid01087, task 163 163 [895617]: mask 0x80000000000000000000000000000000000000000 set
cpu-bind=MAP  - nid01087, task 164 164 [895618]: mask 0x100000000000000000000000000000000000000000 set
cpu-bind=MAP  - nid01087, task 165 165 [895619]: mask 0x200000000000000000000000000000000000000000 set
cpu-bind=MAP  - nid01087, task 166 166 [895620]: mask 0x400000000000000000000000000000000000000000 set
cpu-bind=MAP  - nid01087, task 167 167 [895621]: mask 0x800000000000000000000000000000000000000000 set
cpu-bind=MAP  - nid01087, task 168 168 [895622]: mask 0x1000000000000000000000000000000000000000000 set
cpu-bind=MAP  - nid01087, task 169 169 [895623]: mask 0x2000000000000000000000000000000000000000000 set
cpu-bind=MAP  - nid01087, task 170 170 [895624]: mask 0x4000000000000000000000000000000000000000000 set
cpu-bind=MAP  - nid01087, task 171 171 [895625]: mask 0x8000000000000000000000000000000000000000000 set
cpu-bind=MAP  - nid01087, task 172 172 [895626]: mask 0x10000000000000000000000000000000000000000000 set
cpu-bind=MAP  - nid01087, task 173 173 [895627]: mask 0x20000000000000000000000000000000000000000000 set
cpu-bind=MAP  - nid01087, task 174 174 [895628]: mask 0x40000000000000000000000000000000000000000000 set
cpu-bind=MAP  - nid01087, task 175 175 [895629]: mask 0x80000000000000000000000000000000000000000000 set
cpu-bind=MAP  - nid01087, task 176 176 [895630]: mask 0x100000000000000000000000000000000000000000000 set
cpu-bind=MAP  - nid01087, task 177 177 [895631]: mask 0x200000000000000000000000000000000000000000000 set
cpu-bind=MAP  - nid01087, task 178 178 [895632]: mask 0x400000000000000000000000000000000000000000000 set
cpu-bind=MAP  - nid01087, task 179 179 [895633]: mask 0x800000000000000000000000000000000000000000000 set
cpu-bind=MAP  - nid01087, task 180 180 [895634]: mask 0x1000000000000000000000000000000000000000000000 set
cpu-bind=MAP  - nid01087, task 181 181 [895635]: mask 0x2000000000000000000000000000000000000000000000 set
cpu-bind=MAP  - nid01087, task 182 182 [895636]: mask 0x4000000000000000000000000000000000000000000000 set
cpu-bind=MAP  - nid01087, task 183 183 [895637]: mask 0x8000000000000000000000000000000000000000000000 set
cpu-bind=MAP  - nid01087, task 184 184 [895638]: mask 0x10000000000000000000000000000000000000000000000 set
cpu-bind=MAP  - nid01087, task 185 185 [895639]: mask 0x20000000000000000000000000000000000000000000000 set
cpu-bind=MAP  - nid01087, task 186 186 [895640]: mask 0x40000000000000000000000000000000000000000000000 set
cpu-bind=MAP  - nid01087, task 187 187 [895641]: mask 0x80000000000000000000000000000000000000000000000 set
cpu-bind=MAP  - nid01087, task 188 188 [895642]: mask 0x100000000000000000000000000000000000000000000000 set
cpu-bind=MAP  - nid01087, task 189 189 [895643]: mask 0x200000000000000000000000000000000000000000000000 set
cpu-bind=MAP  - nid01087, task 190 190 [895644]: mask 0x400000000000000000000000000000000000000000000000 set
cpu-bind=MAP  - nid01087, task 191 191 [895645]: mask 0x800000000000000000000000000000000000000000000000 set
slurmstepd: error: *** JOB 4685174 ON nid01087 CANCELLED AT 2025-04-22T16:38:05 DUE TO TIME LIMIT ***
srun: Job step aborted: Waiting up to 32 seconds for job step to finish.
slurmstepd: error: *** STEP 4685174.0 ON nid01087 CANCELLED AT 2025-04-22T16:38:05 DUE TO TIME LIMIT ***
